This is pdfTeX, Version 3.14159265-2.6-1.40.20 (MiKTeX 2.9.7250 64-bit) (preloaded format=pdflatex 2019.11.13)  5 JUL 2020 22:46
entering extended mode
**"c:/Users/JWL/Documents/Summer School Courses 2020/Revealed Preferences/Github Revealed Preferences/Revealed_Preferences/Präsi/Präsi.tex"
("c:/Users/JWL/Documents/Summer School Courses 2020/Revealed Preferences/Github Revealed Preferences/Revealed_Preferences/Präsi/Präsi.tex"
LaTeX2e <2019-10-01> patch level 3
("C:\Users\JWL\AppData\Local\Programs\MiKTeX 2.9\tex/latex/beamer\beamer.cls"
Document Class: beamer 2019/09/29 v3.57 A class for typesetting presentations
("C:\Users\JWL\AppData\Local\Programs\MiKTeX 2.9\tex/latex/beamer\beamerbasemodes.sty" ("C:\Users\JWL\AppData\Local\Programs\MiKTeX 2.9\tex/latex/etoolbox\etoolbox.sty"
Package: etoolbox 2019/09/21 v2.5h e-TeX tools for LaTeX (JAW)
\etb@tempcnta=\count80
)
\beamer@tempbox=\box27
\beamer@tempcount=\count81
\c@beamerpauses=\count82
 ("C:\Users\JWL\AppData\Local\Programs\MiKTeX 2.9\tex/latex/beamer\beamerbasedecode.sty"
\beamer@slideinframe=\count83
\beamer@minimum=\count84
\beamer@decode@box=\box28
)
\beamer@commentbox=\box29
\beamer@modecount=\count85
) ("C:\Users\JWL\AppData\Local\Programs\MiKTeX 2.9\tex/generic/iftex\ifpdf.sty"
Package: ifpdf 2019/10/25 v3.4 ifpdf legacy package. Use iftex instead.
 ("C:\Users\JWL\AppData\Local\Programs\MiKTeX 2.9\tex/generic/iftex\iftex.sty"
Package: iftex 2019/11/07 v1.0c TeX engine tests
))
\headdp=\dimen102
\footheight=\dimen103
\sidebarheight=\dimen104
\beamer@tempdim=\dimen105
\beamer@finalheight=\dimen106
\beamer@animht=\dimen107
\beamer@animdp=\dimen108
\beamer@animwd=\dimen109
\beamer@leftmargin=\dimen110
\beamer@rightmargin=\dimen111
\beamer@leftsidebar=\dimen112
\beamer@rightsidebar=\dimen113
\beamer@boxsize=\dimen114
\beamer@vboxoffset=\dimen115
\beamer@descdefault=\dimen116
\beamer@descriptionwidth=\dimen117
\beamer@lastskip=\skip41
\beamer@areabox=\box30
\beamer@animcurrent=\box31
\beamer@animshowbox=\box32
\beamer@sectionbox=\box33
\beamer@logobox=\box34
\beamer@linebox=\box35
\beamer@sectioncount=\count86
\beamer@subsubsectionmax=\count87
\beamer@subsectionmax=\count88
\beamer@sectionmax=\count89
\beamer@totalheads=\count90
\beamer@headcounter=\count91
\beamer@partstartpage=\count92
\beamer@sectionstartpage=\count93
\beamer@subsectionstartpage=\count94
\beamer@animationtempa=\count95
\beamer@animationtempb=\count96
\beamer@xpos=\count97
\beamer@ypos=\count98
\beamer@ypos@offset=\count99
\beamer@showpartnumber=\count100
\beamer@currentsubsection=\count101
\beamer@coveringdepth=\count102
\beamer@sectionadjust=\count103
\beamer@tocsectionnumber=\count104
 ("C:\Users\JWL\AppData\Local\Programs\MiKTeX 2.9\tex/latex/beamer\beamerbaseoptions.sty" ("C:\Users\JWL\AppData\Local\Programs\MiKTeX 2.9\tex/latex/graphics\keyval.sty"
Package: keyval 2014/10/28 v1.15 key=value parser (DPC)
\KV@toks@=\toks14
))
\beamer@paperwidth=\skip42
\beamer@paperheight=\skip43
 ("C:\Users\JWL\AppData\Local\Programs\MiKTeX 2.9\tex/latex/geometry\geometry.sty"
Package: geometry 2018/04/16 v5.8 Page Geometry
 ("C:\Users\JWL\AppData\Local\Programs\MiKTeX 2.9\tex/generic/iftex\ifvtex.sty"
Package: ifvtex 2019/10/25 v1.7 ifvtex legacy package. Use iftex instead.
) ("C:\Users\JWL\AppData\Local\Programs\MiKTeX 2.9\tex/generic/iftex\ifxetex.sty"
Package: ifxetex 2019/10/25 v0.7 ifxetex legacy package. Use iftex instead.
)
\Gm@cnth=\count105
\Gm@cntv=\count106
\c@Gm@tempcnt=\count107
\Gm@bindingoffset=\dimen118
\Gm@wd@mp=\dimen119
\Gm@odd@mp=\dimen120
\Gm@even@mp=\dimen121
\Gm@layoutwidth=\dimen122
\Gm@layoutheight=\dimen123
\Gm@layouthoffset=\dimen124
\Gm@layoutvoffset=\dimen125
\Gm@dimlist=\toks15
 ("C:\Users\JWL\AppData\Local\Programs\MiKTeX 2.9\tex/latex/geometry\geometry.cfg")) ("C:\Users\JWL\AppData\Local\Programs\MiKTeX 2.9\tex/latex/base\size12.clo"
File: size12.clo 2019/10/25 v1.4k Standard LaTeX file (size option)
) ("C:\Users\JWL\AppData\Local\Programs\MiKTeX 2.9\tex/latex/pgf/basiclayer\pgfcore.sty" ("C:\Users\JWL\AppData\Local\Programs\MiKTeX 2.9\tex/latex/graphics\graphicx.sty"
Package: graphicx 2017/06/01 v1.1a Enhanced LaTeX Graphics (DPC,SPQR)
 ("C:\Users\JWL\AppData\Local\Programs\MiKTeX 2.9\tex/latex/graphics\graphics.sty"
Package: graphics 2019/11/01 v1.3d Standard LaTeX Graphics (DPC,SPQR)
 ("C:\Users\JWL\AppData\Local\Programs\MiKTeX 2.9\tex/latex/graphics\trig.sty"
Package: trig 2016/01/03 v1.10 sin cos tan (DPC)
) ("C:\Users\JWL\AppData\Local\Programs\MiKTeX 2.9\tex/latex/graphics-cfg\graphics.cfg"
File: graphics.cfg 2016/06/04 v1.11 sample graphics configuration
)
Package graphics Info: Driver file: pdftex.def on input line 105.
 ("C:\Users\JWL\AppData\Local\Programs\MiKTeX 2.9\tex/latex/graphics-def\pdftex.def"
File: pdftex.def 2018/01/08 v1.0l Graphics/color driver for pdftex
))
\Gin@req@height=\dimen126
\Gin@req@width=\dimen127
) ("C:\Users\JWL\AppData\Local\Programs\MiKTeX 2.9\tex/latex/pgf/systemlayer\pgfsys.sty" ("C:\Users\JWL\AppData\Local\Programs\MiKTeX 2.9\tex/latex/pgf/utilities\pgfrcs.sty" ("C:\Users\JWL\AppData\Local\Programs\MiKTeX 2.9\tex/generic/pgf/utilities\pgfutil-common.tex"
\pgfutil@everybye=\toks16
\pgfutil@tempdima=\dimen128
\pgfutil@tempdimb=\dimen129
 ("C:\Users\JWL\AppData\Local\Programs\MiKTeX 2.9\tex/generic/pgf/utilities\pgfutil-common-lists.tex")) ("C:\Users\JWL\AppData\Local\Programs\MiKTeX 2.9\tex/generic/pgf/utilities\pgfutil-latex.def"
\pgfutil@abb=\box36
 ("C:\Users\JWL\AppData\Local\Programs\MiKTeX 2.9\tex/latex/ms\everyshi.sty"
Package: everyshi 2001/05/15 v3.00 EveryShipout Package (MS)
)) ("C:\Users\JWL\AppData\Local\Programs\MiKTeX 2.9\tex/generic/pgf/utilities\pgfrcs.code.tex" ("C:\Users\JWL\AppData\Local\Programs\MiKTeX 2.9\tex/generic/pgf\pgf.revision.tex")
Package: pgfrcs 2019/08/03 v3.1.4b (3.1.4b)
)) ("C:\Users\JWL\AppData\Local\Programs\MiKTeX 2.9\tex/generic/pgf/systemlayer\pgfsys.code.tex"
Package: pgfsys 2019/08/03 v3.1.4b (3.1.4b)
 ("C:\Users\JWL\AppData\Local\Programs\MiKTeX 2.9\tex/generic/pgf/utilities\pgfkeys.code.tex"
\pgfkeys@pathtoks=\toks17
\pgfkeys@temptoks=\toks18
 ("C:\Users\JWL\AppData\Local\Programs\MiKTeX 2.9\tex/generic/pgf/utilities\pgfkeysfiltered.code.tex"
\pgfkeys@tmptoks=\toks19
))
\pgf@x=\dimen130
\pgf@y=\dimen131
\pgf@xa=\dimen132
\pgf@ya=\dimen133
\pgf@xb=\dimen134
\pgf@yb=\dimen135
\pgf@xc=\dimen136
\pgf@yc=\dimen137
\pgf@xd=\dimen138
\pgf@yd=\dimen139
\w@pgf@writea=\write3
\r@pgf@reada=\read1
\c@pgf@counta=\count108
\c@pgf@countb=\count109
\c@pgf@countc=\count110
\c@pgf@countd=\count111
\t@pgf@toka=\toks20
\t@pgf@tokb=\toks21
\t@pgf@tokc=\toks22
\pgf@sys@id@count=\count112
 ("C:\Users\JWL\AppData\Local\Programs\MiKTeX 2.9\tex/generic/pgf/systemlayer\pgf.cfg"
File: pgf.cfg 2019/08/03 v3.1.4b (3.1.4b)
)
Driver file for pgf: pgfsys-pdftex.def
 ("C:\Users\JWL\AppData\Local\Programs\MiKTeX 2.9\tex/generic/pgf/systemlayer\pgfsys-pdftex.def"
File: pgfsys-pdftex.def 2019/08/03 v3.1.4b (3.1.4b)
 ("C:\Users\JWL\AppData\Local\Programs\MiKTeX 2.9\tex/generic/pgf/systemlayer\pgfsys-common-pdf.def"
File: pgfsys-common-pdf.def 2019/08/03 v3.1.4b (3.1.4b)
))) ("C:\Users\JWL\AppData\Local\Programs\MiKTeX 2.9\tex/generic/pgf/systemlayer\pgfsyssoftpath.code.tex"
File: pgfsyssoftpath.code.tex 2019/08/03 v3.1.4b (3.1.4b)
\pgfsyssoftpath@smallbuffer@items=\count113
\pgfsyssoftpath@bigbuffer@items=\count114
) ("C:\Users\JWL\AppData\Local\Programs\MiKTeX 2.9\tex/generic/pgf/systemlayer\pgfsysprotocol.code.tex"
File: pgfsysprotocol.code.tex 2019/08/03 v3.1.4b (3.1.4b)
)) ("C:\Users\JWL\AppData\Local\Programs\MiKTeX 2.9\tex/latex/xcolor\xcolor.sty"
Package: xcolor 2016/05/11 v2.12 LaTeX color extensions (UK)
 ("C:\Users\JWL\AppData\Local\Programs\MiKTeX 2.9\tex/latex/graphics-cfg\color.cfg"
File: color.cfg 2016/01/02 v1.6 sample color configuration
)
Package xcolor Info: Driver file: pdftex.def on input line 225.
Package xcolor Info: Model `cmy' substituted by `cmy0' on input line 1348.
Package xcolor Info: Model `hsb' substituted by `rgb' on input line 1352.
Package xcolor Info: Model `RGB' extended on input line 1364.
Package xcolor Info: Model `HTML' substituted by `rgb' on input line 1366.
Package xcolor Info: Model `Hsb' substituted by `hsb' on input line 1367.
Package xcolor Info: Model `tHsb' substituted by `hsb' on input line 1368.
Package xcolor Info: Model `HSB' substituted by `hsb' on input line 1369.
Package xcolor Info: Model `Gray' substituted by `gray' on input line 1370.
Package xcolor Info: Model `wave' substituted by `hsb' on input line 1371.
) ("C:\Users\JWL\AppData\Local\Programs\MiKTeX 2.9\tex/generic/pgf/basiclayer\pgfcore.code.tex"
Package: pgfcore 2019/08/03 v3.1.4b (3.1.4b)
 ("C:\Users\JWL\AppData\Local\Programs\MiKTeX 2.9\tex/generic/pgf/math\pgfmath.code.tex" ("C:\Users\JWL\AppData\Local\Programs\MiKTeX 2.9\tex/generic/pgf/math\pgfmathcalc.code.tex" ("C:\Users\JWL\AppData\Local\Programs\MiKTeX 2.9\tex/generic/pgf/math\pgfmathutil.code.tex") ("C:\Users\JWL\AppData\Local\Programs\MiKTeX 2.9\tex/generic/pgf/math\pgfmathparser.code.tex"
\pgfmath@dimen=\dimen140
\pgfmath@count=\count115
\pgfmath@box=\box37
\pgfmath@toks=\toks23
\pgfmath@stack@operand=\toks24
\pgfmath@stack@operation=\toks25
) ("C:\Users\JWL\AppData\Local\Programs\MiKTeX 2.9\tex/generic/pgf/math\pgfmathfunctions.code.tex" ("C:\Users\JWL\AppData\Local\Programs\MiKTeX 2.9\tex/generic/pgf/math\pgfmathfunctions.basic.code.tex") ("C:\Users\JWL\AppData\Local\Programs\MiKTeX 2.9\tex/generic/pgf/math\pgfmathfunctions.trigonometric.code.tex") ("C:\Users\JWL\AppData\Local\Programs\MiKTeX 2.9\tex/generic/pgf/math\pgfmathfunctions.random.code.tex") ("C:\Users\JWL\AppData\Local\Programs\MiKTeX 2.9\tex/generic/pgf/math\pgfmathfunctions.comparison.code.tex") ("C:\Users\JWL\AppData\Local\Programs\MiKTeX 2.9\tex/generic/pgf/math\pgfmathfunctions.base.code.tex") ("C:\Users\JWL\AppData\Local\Programs\MiKTeX 2.9\tex/generic/pgf/math\pgfmathfunctions.round.code.tex") ("C:\Users\JWL\AppData\Local\Programs\MiKTeX 2.9\tex/generic/pgf/math\pgfmathfunctions.misc.code.tex") ("C:\Users\JWL\AppData\Local\Programs\MiKTeX 2.9\tex/generic/pgf/math\pgfmathfunctions.integerarithmetics.code.tex"))) ("C:\Users\JWL\AppData\Local\Programs\MiKTeX 2.9\tex/generic/pgf/math\pgfmathfloat.code.tex"
\c@pgfmathroundto@lastzeros=\count116
)) ("C:\Users\JWL\AppData\Local\Programs\MiKTeX 2.9\tex/generic/pgf/math\pgfint.code.tex") ("C:\Users\JWL\AppData\Local\Programs\MiKTeX 2.9\tex/generic/pgf/basiclayer\pgfcorepoints.code.tex"
File: pgfcorepoints.code.tex 2019/08/03 v3.1.4b (3.1.4b)
\pgf@picminx=\dimen141
\pgf@picmaxx=\dimen142
\pgf@picminy=\dimen143
\pgf@picmaxy=\dimen144
\pgf@pathminx=\dimen145
\pgf@pathmaxx=\dimen146
\pgf@pathminy=\dimen147
\pgf@pathmaxy=\dimen148
\pgf@xx=\dimen149
\pgf@xy=\dimen150
\pgf@yx=\dimen151
\pgf@yy=\dimen152
\pgf@zx=\dimen153
\pgf@zy=\dimen154
) ("C:\Users\JWL\AppData\Local\Programs\MiKTeX 2.9\tex/generic/pgf/basiclayer\pgfcorepathconstruct.code.tex"
File: pgfcorepathconstruct.code.tex 2019/08/03 v3.1.4b (3.1.4b)
\pgf@path@lastx=\dimen155
\pgf@path@lasty=\dimen156
) ("C:\Users\JWL\AppData\Local\Programs\MiKTeX 2.9\tex/generic/pgf/basiclayer\pgfcorepathusage.code.tex"
File: pgfcorepathusage.code.tex 2019/08/03 v3.1.4b (3.1.4b)
\pgf@shorten@end@additional=\dimen157
\pgf@shorten@start@additional=\dimen158
) ("C:\Users\JWL\AppData\Local\Programs\MiKTeX 2.9\tex/generic/pgf/basiclayer\pgfcorescopes.code.tex"
File: pgfcorescopes.code.tex 2019/08/03 v3.1.4b (3.1.4b)
\pgfpic=\box38
\pgf@hbox=\box39
\pgf@layerbox@main=\box40
\pgf@picture@serial@count=\count117
) ("C:\Users\JWL\AppData\Local\Programs\MiKTeX 2.9\tex/generic/pgf/basiclayer\pgfcoregraphicstate.code.tex"
File: pgfcoregraphicstate.code.tex 2019/08/03 v3.1.4b (3.1.4b)
\pgflinewidth=\dimen159
) ("C:\Users\JWL\AppData\Local\Programs\MiKTeX 2.9\tex/generic/pgf/basiclayer\pgfcoretransformations.code.tex"
File: pgfcoretransformations.code.tex 2019/08/03 v3.1.4b (3.1.4b)
\pgf@pt@x=\dimen160
\pgf@pt@y=\dimen161
\pgf@pt@temp=\dimen162
) ("C:\Users\JWL\AppData\Local\Programs\MiKTeX 2.9\tex/generic/pgf/basiclayer\pgfcorequick.code.tex"
File: pgfcorequick.code.tex 2019/08/03 v3.1.4b (3.1.4b)
) ("C:\Users\JWL\AppData\Local\Programs\MiKTeX 2.9\tex/generic/pgf/basiclayer\pgfcoreobjects.code.tex"
File: pgfcoreobjects.code.tex 2019/08/03 v3.1.4b (3.1.4b)
) ("C:\Users\JWL\AppData\Local\Programs\MiKTeX 2.9\tex/generic/pgf/basiclayer\pgfcorepathprocessing.code.tex"
File: pgfcorepathprocessing.code.tex 2019/08/03 v3.1.4b (3.1.4b)
) ("C:\Users\JWL\AppData\Local\Programs\MiKTeX 2.9\tex/generic/pgf/basiclayer\pgfcorearrows.code.tex"
File: pgfcorearrows.code.tex 2019/08/03 v3.1.4b (3.1.4b)
\pgfarrowsep=\dimen163
) ("C:\Users\JWL\AppData\Local\Programs\MiKTeX 2.9\tex/generic/pgf/basiclayer\pgfcoreshade.code.tex"
File: pgfcoreshade.code.tex 2019/08/03 v3.1.4b (3.1.4b)
\pgf@max=\dimen164
\pgf@sys@shading@range@num=\count118
\pgf@shadingcount=\count119
) ("C:\Users\JWL\AppData\Local\Programs\MiKTeX 2.9\tex/generic/pgf/basiclayer\pgfcoreimage.code.tex"
File: pgfcoreimage.code.tex 2019/08/03 v3.1.4b (3.1.4b)
 ("C:\Users\JWL\AppData\Local\Programs\MiKTeX 2.9\tex/generic/pgf/basiclayer\pgfcoreexternal.code.tex"
File: pgfcoreexternal.code.tex 2019/08/03 v3.1.4b (3.1.4b)
\pgfexternal@startupbox=\box41
)) ("C:\Users\JWL\AppData\Local\Programs\MiKTeX 2.9\tex/generic/pgf/basiclayer\pgfcorelayers.code.tex"
File: pgfcorelayers.code.tex 2019/08/03 v3.1.4b (3.1.4b)
) ("C:\Users\JWL\AppData\Local\Programs\MiKTeX 2.9\tex/generic/pgf/basiclayer\pgfcoretransparency.code.tex"
File: pgfcoretransparency.code.tex 2019/08/03 v3.1.4b (3.1.4b)
) ("C:\Users\JWL\AppData\Local\Programs\MiKTeX 2.9\tex/generic/pgf/basiclayer\pgfcorepatterns.code.tex"
File: pgfcorepatterns.code.tex 2019/08/03 v3.1.4b (3.1.4b)
) ("C:\Users\JWL\AppData\Local\Programs\MiKTeX 2.9\tex/generic/pgf/basiclayer\pgfcorerdf.code.tex"
File: pgfcorerdf.code.tex 2019/08/03 v3.1.4b (3.1.4b)
))) ("C:\Users\JWL\AppData\Local\Programs\MiKTeX 2.9\tex/latex/pgf/utilities\xxcolor.sty"
Package: xxcolor 2003/10/24 ver 0.1
\XC@nummixins=\count120
\XC@countmixins=\count121
) ("C:\Users\JWL\AppData\Local\Programs\MiKTeX 2.9\tex/generic/oberdiek\atbegshi.sty"
Package: atbegshi 2016/06/09 v1.18 At begin shipout hook (HO)
 ("C:\Users\JWL\AppData\Local\Programs\MiKTeX 2.9\tex/generic/oberdiek\infwarerr.sty"
Package: infwarerr 2016/05/16 v1.4 Providing info/warning/error messages (HO)
) ("C:\Users\JWL\AppData\Local\Programs\MiKTeX 2.9\tex/generic/oberdiek\ltxcmds.sty"
Package: ltxcmds 2016/05/16 v1.23 LaTeX kernel commands for general use (HO)
)) ("C:\Users\JWL\AppData\Local\Programs\MiKTeX 2.9\tex/latex/hyperref\hyperref.sty"
Package: hyperref 2019/11/10 v7.00c Hypertext links for LaTeX
 ("C:\Users\JWL\AppData\Local\Programs\MiKTeX 2.9\tex/generic/oberdiek\pdftexcmds.sty"
Package: pdftexcmds 2019/07/25 v0.30 Utility functions of pdfTeX for LuaTeX (HO)
 ("C:\Users\JWL\AppData\Local\Programs\MiKTeX 2.9\tex/generic/iftex\ifluatex.sty"
Package: ifluatex 2019/10/25 v1.5 ifluatex legacy package. Use iftex instead.
)
Package pdftexcmds Info: LuaTeX not detected.
Package pdftexcmds Info: \pdf@primitive is available.
Package pdftexcmds Info: \pdf@ifprimitive is available.
Package pdftexcmds Info: \pdfdraftmode found.
) ("C:\Users\JWL\AppData\Local\Programs\MiKTeX 2.9\tex/generic/oberdiek\kvsetkeys.sty"
Package: kvsetkeys 2016/05/16 v1.17 Key value parser (HO)
 ("C:\Users\JWL\AppData\Local\Programs\MiKTeX 2.9\tex/generic/oberdiek\etexcmds.sty"
Package: etexcmds 2016/05/16 v1.6 Avoid name clashes with e-TeX commands (HO)
)) ("C:\Users\JWL\AppData\Local\Programs\MiKTeX 2.9\tex/generic/oberdiek\kvdefinekeys.sty"
Package: kvdefinekeys 2016/05/16 v1.4 Define keys (HO)
) ("C:\Users\JWL\AppData\Local\Programs\MiKTeX 2.9\tex/generic/oberdiek\pdfescape.sty"
Package: pdfescape 2016/05/16 v1.14 Implements pdfTeX's escape features (HO)
) ("C:\Users\JWL\AppData\Local\Programs\MiKTeX 2.9\tex/latex/oberdiek\hycolor.sty"
Package: hycolor 2016/05/16 v1.8 Color options for hyperref/bookmark (HO)
 ("C:\Users\JWL\AppData\Local\Programs\MiKTeX 2.9\tex/latex/oberdiek\xcolor-patch.sty"
Package: xcolor-patch 2016/05/16 xcolor patch
 ("C:\Users\JWL\AppData\Local\Programs\MiKTeX 2.9\tex/latex/oberdiek\hopatch.sty"
Package: hopatch 2016/05/16 v1.3 Wrapper for package hooks (HO)
))) ("C:\Users\JWL\AppData\Local\Programs\MiKTeX 2.9\tex/latex/oberdiek\letltxmacro.sty"
Package: letltxmacro 2016/05/16 v1.5 Let assignment for LaTeX macros (HO)
) ("C:\Users\JWL\AppData\Local\Programs\MiKTeX 2.9\tex/latex/oberdiek\auxhook.sty"
Package: auxhook 2016/05/16 v1.4 Hooks for auxiliary files (HO)
) ("C:\Users\JWL\AppData\Local\Programs\MiKTeX 2.9\tex/latex/oberdiek\kvoptions.sty"
Package: kvoptions 2016/05/16 v3.12 Key value format for package options (HO)
)
\@linkdim=\dimen165
\Hy@linkcounter=\count122
\Hy@pagecounter=\count123
 ("C:\Users\JWL\AppData\Local\Programs\MiKTeX 2.9\tex/latex/hyperref\pd1enc.def"
File: pd1enc.def 2019/11/10 v7.00c Hyperref: PDFDocEncoding definition (HO)
Now handling font encoding PD1 ...
... no UTF-8 mapping file for font encoding PD1
) ("C:\Users\JWL\AppData\Local\Programs\MiKTeX 2.9\tex/generic/oberdiek\intcalc.sty"
Package: intcalc 2016/05/16 v1.2 Expandable calculations with integers (HO)
)
\Hy@SavedSpaceFactor=\count124
 ("C:\Users\JWL\AppData\Local\Programs\MiKTeX 2.9\tex/latex/00miktex\hyperref.cfg"
File: hyperref.cfg 2002/06/06 v1.2 hyperref configuration of TeXLive
)
Package hyperref Info: Option `bookmarks' set `true' on input line 4409.
Package hyperref Info: Option `bookmarksopen' set `true' on input line 4409.
Package hyperref Info: Option `implicit' set `false' on input line 4409.
Package hyperref Info: Hyper figures OFF on input line 4535.
Package hyperref Info: Link nesting OFF on input line 4540.
Package hyperref Info: Hyper index ON on input line 4543.
Package hyperref Info: Plain pages OFF on input line 4550.
Package hyperref Info: Backreferencing OFF on input line 4555.
Package hyperref Info: Implicit mode OFF; no redefinition of LaTeX internals.
Package hyperref Info: Bookmarks ON on input line 4788.
\c@Hy@tempcnt=\count125
 ("C:\Users\JWL\AppData\Local\Programs\MiKTeX 2.9\tex/latex/url\url.sty"
\Urlmuskip=\muskip10
Package: url 2013/09/16  ver 3.4  Verb mode for urls, etc.
)
LaTeX Info: Redefining \url on input line 5147.
\XeTeXLinkMargin=\dimen166
 ("C:\Users\JWL\AppData\Local\Programs\MiKTeX 2.9\tex/generic/oberdiek\bitset.sty"
Package: bitset 2016/05/16 v1.2 Handle bit-vector datatype (HO)
 ("C:\Users\JWL\AppData\Local\Programs\MiKTeX 2.9\tex/generic/oberdiek\bigintcalc.sty"
Package: bigintcalc 2016/05/16 v1.4 Expandable calculations on big integers (HO)
))
\Fld@menulength=\count126
\Field@Width=\dimen167
\Fld@charsize=\dimen168
Package hyperref Info: Hyper figures OFF on input line 6418.
Package hyperref Info: Link nesting OFF on input line 6423.
Package hyperref Info: Hyper index ON on input line 6426.
Package hyperref Info: backreferencing OFF on input line 6433.
Package hyperref Info: Link coloring OFF on input line 6438.
Package hyperref Info: Link coloring with OCG OFF on input line 6443.
Package hyperref Info: PDF/A mode OFF on input line 6448.
LaTeX Info: Redefining \ref on input line 6488.
LaTeX Info: Redefining \pageref on input line 6492.
\Hy@abspage=\count127


Package hyperref Message: Stopped early.

)
Package hyperref Info: Driver (autodetected): hpdftex.
 ("C:\Users\JWL\AppData\Local\Programs\MiKTeX 2.9\tex/latex/hyperref\hpdftex.def"
File: hpdftex.def 2019/11/10 v7.00c Hyperref driver for pdfTeX
 ("C:\Users\JWL\AppData\Local\Programs\MiKTeX 2.9\tex/latex/oberdiek\atveryend.sty"
Package: atveryend 2016/05/16 v1.9 Hooks at the very end of document (HO)
)
\Fld@listcount=\count128
\c@bookmark@seq@number=\count129
 ("C:\Users\JWL\AppData\Local\Programs\MiKTeX 2.9\tex/latex/oberdiek\rerunfilecheck.sty"
Package: rerunfilecheck 2016/05/16 v1.8 Rerun checks for auxiliary files (HO)
 ("C:\Users\JWL\AppData\Local\Programs\MiKTeX 2.9\tex/generic/oberdiek\uniquecounter.sty"
Package: uniquecounter 2016/05/16 v1.3 Provide unlimited unique counter (HO)
)
Package uniquecounter Info: New unique counter `rerunfilecheck' on input line 282.
)) ("C:\Users\JWL\AppData\Local\Programs\MiKTeX 2.9\tex/latex/beamer\beamerbaserequires.sty" ("C:\Users\JWL\AppData\Local\Programs\MiKTeX 2.9\tex/latex/beamer\beamerbasecompatibility.sty") ("C:\Users\JWL\AppData\Local\Programs\MiKTeX 2.9\tex/latex/beamer\beamerbasefont.sty" ("C:\Users\JWL\AppData\Local\Programs\MiKTeX 2.9\tex/latex/amsfonts\amssymb.sty"
Package: amssymb 2013/01/14 v3.01 AMS font symbols
 ("C:\Users\JWL\AppData\Local\Programs\MiKTeX 2.9\tex/latex/amsfonts\amsfonts.sty"
Package: amsfonts 2013/01/14 v3.01 Basic AMSFonts support
\@emptytoks=\toks26
\symAMSa=\mathgroup4
\symAMSb=\mathgroup5
LaTeX Font Info:    Redeclaring math symbol \hbar on input line 98.
LaTeX Font Info:    Overwriting math alphabet `\mathfrak' in version `bold'
(Font)                  U/euf/m/n --> U/euf/b/n on input line 106.
)) ("C:\Users\JWL\AppData\Local\Programs\MiKTeX 2.9\tex/latex/sansmathaccent\sansmathaccent.sty"
Package: sansmathaccent 2013/03/28
 ("C:\Users\JWL\AppData\Local\Programs\MiKTeX 2.9\tex/latex/filehook\filehook.sty"
Package: filehook 2019/10/03 v0.6 Hooks for input files
))) ("C:\Users\JWL\AppData\Local\Programs\MiKTeX 2.9\tex/latex/beamer\beamerbasetranslator.sty" ("C:\Users\JWL\AppData\Local\Programs\MiKTeX 2.9\tex/latex/translator\translator.sty"
Package: translator 2019-05-31 v1.12a Easy translation of strings in LaTeX
)) ("C:\Users\JWL\AppData\Local\Programs\MiKTeX 2.9\tex/latex/beamer\beamerbasemisc.sty") ("C:\Users\JWL\AppData\Local\Programs\MiKTeX 2.9\tex/latex/beamer\beamerbasetwoscreens.sty") ("C:\Users\JWL\AppData\Local\Programs\MiKTeX 2.9\tex/latex/beamer\beamerbaseoverlay.sty"
\beamer@argscount=\count130
\beamer@lastskipcover=\skip44
\beamer@trivlistdepth=\count131
) ("C:\Users\JWL\AppData\Local\Programs\MiKTeX 2.9\tex/latex/beamer\beamerbasetitle.sty") ("C:\Users\JWL\AppData\Local\Programs\MiKTeX 2.9\tex/latex/beamer\beamerbasesection.sty"
\c@lecture=\count132
\c@part=\count133
\c@section=\count134
\c@subsection=\count135
\c@subsubsection=\count136
) ("C:\Users\JWL\AppData\Local\Programs\MiKTeX 2.9\tex/latex/beamer\beamerbaseframe.sty"
\beamer@framebox=\box42
\beamer@frametitlebox=\box43
\beamer@zoombox=\box44
\beamer@zoomcount=\count137
\beamer@zoomframecount=\count138
\beamer@frametextheight=\dimen169
\c@subsectionslide=\count139
\beamer@frametopskip=\skip45
\beamer@framebottomskip=\skip46
\beamer@frametopskipautobreak=\skip47
\beamer@framebottomskipautobreak=\skip48
\beamer@envbody=\toks27
\framewidth=\dimen170
\c@framenumber=\count140
) ("C:\Users\JWL\AppData\Local\Programs\MiKTeX 2.9\tex/latex/beamer\beamerbaseverbatim.sty"
\beamer@verbatimfileout=\write4
) ("C:\Users\JWL\AppData\Local\Programs\MiKTeX 2.9\tex/latex/beamer\beamerbaseframesize.sty"
\beamer@splitbox=\box45
\beamer@autobreakcount=\count141
\beamer@autobreaklastheight=\dimen171
\beamer@frametitletoks=\toks28
\beamer@framesubtitletoks=\toks29
) ("C:\Users\JWL\AppData\Local\Programs\MiKTeX 2.9\tex/latex/beamer\beamerbaseframecomponents.sty"
\beamer@footins=\box46
) ("C:\Users\JWL\AppData\Local\Programs\MiKTeX 2.9\tex/latex/beamer\beamerbasecolor.sty") ("C:\Users\JWL\AppData\Local\Programs\MiKTeX 2.9\tex/latex/beamer\beamerbasenotes.sty"
\beamer@frameboxcopy=\box47
) ("C:\Users\JWL\AppData\Local\Programs\MiKTeX 2.9\tex/latex/beamer\beamerbasetoc.sty") ("C:\Users\JWL\AppData\Local\Programs\MiKTeX 2.9\tex/latex/beamer\beamerbasetemplates.sty"
\beamer@sbttoks=\toks30
 ("C:\Users\JWL\AppData\Local\Programs\MiKTeX 2.9\tex/latex/beamer\beamerbaseauxtemplates.sty" ("C:\Users\JWL\AppData\Local\Programs\MiKTeX 2.9\tex/latex/beamer\beamerbaseboxes.sty"
\bmb@box=\box48
\bmb@colorbox=\box49
\bmb@boxshadow=\box50
\bmb@boxshadowball=\box51
\bmb@boxshadowballlarge=\box52
\bmb@temp=\dimen172
\bmb@dima=\dimen173
\bmb@dimb=\dimen174
\bmb@prevheight=\dimen175
)
\beamer@blockheadheight=\dimen176
)) ("C:\Users\JWL\AppData\Local\Programs\MiKTeX 2.9\tex/latex/beamer\beamerbaselocalstructure.sty" ("C:\Users\JWL\AppData\Local\Programs\MiKTeX 2.9\tex/latex/tools\enumerate.sty"
Package: enumerate 2015/07/23 v3.00 enumerate extensions (DPC)
\@enLab=\toks31
)
\c@figure=\count142
\c@table=\count143
\abovecaptionskip=\skip49
\belowcaptionskip=\skip50
) ("C:\Users\JWL\AppData\Local\Programs\MiKTeX 2.9\tex/latex/beamer\beamerbasenavigation.sty"
\beamer@section@min@dim=\dimen177
) ("C:\Users\JWL\AppData\Local\Programs\MiKTeX 2.9\tex/latex/beamer\beamerbasetheorems.sty" ("C:\Users\JWL\AppData\Local\Programs\MiKTeX 2.9\tex/latex/amsmath\amsmath.sty"
Package: amsmath 2019/04/01 v2.17c AMS math features
\@mathmargin=\skip51

For additional information on amsmath, use the `?' option.
("C:\Users\JWL\AppData\Local\Programs\MiKTeX 2.9\tex/latex/amsmath\amstext.sty"
Package: amstext 2000/06/29 v2.01 AMS text
 ("C:\Users\JWL\AppData\Local\Programs\MiKTeX 2.9\tex/latex/amsmath\amsgen.sty"
File: amsgen.sty 1999/11/30 v2.0 generic functions
\@emptytoks=\toks32
\ex@=\dimen178
)) ("C:\Users\JWL\AppData\Local\Programs\MiKTeX 2.9\tex/latex/amsmath\amsbsy.sty"
Package: amsbsy 1999/11/29 v1.2d Bold Symbols
\pmbraise@=\dimen179
) ("C:\Users\JWL\AppData\Local\Programs\MiKTeX 2.9\tex/latex/amsmath\amsopn.sty"
Package: amsopn 2016/03/08 v2.02 operator names
)
\inf@bad=\count144
LaTeX Info: Redefining \frac on input line 227.
\uproot@=\count145
\leftroot@=\count146
LaTeX Info: Redefining \overline on input line 389.
\classnum@=\count147
\DOTSCASE@=\count148
LaTeX Info: Redefining \ldots on input line 486.
LaTeX Info: Redefining \dots on input line 489.
LaTeX Info: Redefining \cdots on input line 610.
\Mathstrutbox@=\box53
\strutbox@=\box54
\big@size=\dimen180
LaTeX Font Info:    Redeclaring font encoding OML on input line 733.
LaTeX Font Info:    Redeclaring font encoding OMS on input line 734.
\macc@depth=\count149
\c@MaxMatrixCols=\count150
\dotsspace@=\muskip11
\c@parentequation=\count151
\dspbrk@lvl=\count152
\tag@help=\toks33
\row@=\count153
\column@=\count154
\maxfields@=\count155
\andhelp@=\toks34
\eqnshift@=\dimen181
\alignsep@=\dimen182
\tagshift@=\dimen183
\tagwidth@=\dimen184
\totwidth@=\dimen185
\lineht@=\dimen186
\@envbody=\toks35
\multlinegap=\skip52
\multlinetaggap=\skip53
\mathdisplay@stack=\toks36
LaTeX Info: Redefining \[ on input line 2855.
LaTeX Info: Redefining \] on input line 2856.
) ("C:\Users\JWL\AppData\Local\Programs\MiKTeX 2.9\tex/latex/amscls\amsthm.sty"
Package: amsthm 2017/10/31 v2.20.4
\thm@style=\toks37
\thm@bodyfont=\toks38
\thm@headfont=\toks39
\thm@notefont=\toks40
\thm@headpunct=\toks41
\thm@preskip=\skip54
\thm@postskip=\skip55
\thm@headsep=\skip56
\dth@everypar=\toks42
)
\c@theorem=\count156
) ("C:\Users\JWL\AppData\Local\Programs\MiKTeX 2.9\tex/latex/beamer\beamerbasethemes.sty")) ("C:\Users\JWL\AppData\Local\Programs\MiKTeX 2.9\tex/latex/beamer\beamerthemedefault.sty" ("C:\Users\JWL\AppData\Local\Programs\MiKTeX 2.9\tex/latex/beamer\beamerfontthemedefault.sty") ("C:\Users\JWL\AppData\Local\Programs\MiKTeX 2.9\tex/latex/beamer\beamercolorthemedefault.sty") ("C:\Users\JWL\AppData\Local\Programs\MiKTeX 2.9\tex/latex/beamer\beamerinnerthemedefault.sty"
\beamer@dima=\dimen187
\beamer@dimb=\dimen188
) ("C:\Users\JWL\AppData\Local\Programs\MiKTeX 2.9\tex/latex/beamer\beamerouterthemedefault.sty"))) ("C:\Users\JWL\AppData\Local\Programs\MiKTeX 2.9\tex/latex/beamer\beamerthemePittsburgh.sty" ("C:\Users\JWL\AppData\Local\Programs\MiKTeX 2.9\tex/latex/beamer\beamerinnerthemecircles.sty")) ("C:\Users\JWL\AppData\Local\Programs\MiKTeX 2.9\tex/latex/base\inputenc.sty"
Package: inputenc 2018/08/11 v1.3c Input encoding file
\inpenc@prehook=\toks43
\inpenc@posthook=\toks44
) ("C:\Users\JWL\AppData\Local\Programs\MiKTeX 2.9\tex/generic/babel\babel.sty"
Package: babel 2019/10/15 3.35 The Babel package
 ("C:\Users\JWL\AppData\Local\Programs\MiKTeX 2.9\tex/generic/babel\switch.def"
File: switch.def 2019/10/15 3.35 Babel switching mechanism
)
*************************************
* Local config file bblopts.cfg used
*
("C:\Users\JWL\AppData\Local\Programs\MiKTeX 2.9\tex/latex/arabi\bblopts.cfg"
File: bblopts.cfg 2005/09/08 v0.1 add Arabic and Farsi to "declared" options of babel
) ("C:\Users\JWL\AppData\Local\Programs\MiKTeX 2.9\tex/latex/babel-english\english.ldf"
Language: english 2017/06/06 v3.3r English support from the babel system
 ("C:\Users\JWL\AppData\Local\Programs\MiKTeX 2.9\tex/generic/babel\babel.def"
File: babel.def 2019/10/15 3.35 Babel common definitions
\babel@savecnt=\count157
\U@D=\dimen189
 ("C:\Users\JWL\AppData\Local\Programs\MiKTeX 2.9\tex/generic/babel\txtbabel.def")
LaTeX Info: Redefining \textlatin on input line 2185.
\bbl@dirlevel=\count158
)
\l@canadian = a dialect from \language\l@american 
\l@australian = a dialect from \language\l@british 
\l@newzealand = a dialect from \language\l@british 
)) ("C:\Users\JWL\AppData\Local\Programs\MiKTeX 2.9\tex/latex/pgf/frontendlayer\tikz.sty" ("C:\Users\JWL\AppData\Local\Programs\MiKTeX 2.9\tex/latex/pgf/basiclayer\pgf.sty"
Package: pgf 2019/08/03 v3.1.4b (3.1.4b)
 ("C:\Users\JWL\AppData\Local\Programs\MiKTeX 2.9\tex/generic/pgf/modules\pgfmoduleshapes.code.tex"
File: pgfmoduleshapes.code.tex 2019/08/03 v3.1.4b (3.1.4b)
\pgfnodeparttextbox=\box55
) ("C:\Users\JWL\AppData\Local\Programs\MiKTeX 2.9\tex/generic/pgf/modules\pgfmoduleplot.code.tex"
File: pgfmoduleplot.code.tex 2019/08/03 v3.1.4b (3.1.4b)
) ("C:\Users\JWL\AppData\Local\Programs\MiKTeX 2.9\tex/latex/pgf/compatibility\pgfcomp-version-0-65.sty"
Package: pgfcomp-version-0-65 2019/08/03 v3.1.4b (3.1.4b)
\pgf@nodesepstart=\dimen190
\pgf@nodesepend=\dimen191
) ("C:\Users\JWL\AppData\Local\Programs\MiKTeX 2.9\tex/latex/pgf/compatibility\pgfcomp-version-1-18.sty"
Package: pgfcomp-version-1-18 2019/08/03 v3.1.4b (3.1.4b)
)) ("C:\Users\JWL\AppData\Local\Programs\MiKTeX 2.9\tex/latex/pgf/utilities\pgffor.sty" ("C:\Users\JWL\AppData\Local\Programs\MiKTeX 2.9\tex/latex/pgf/utilities\pgfkeys.sty" ("C:\Users\JWL\AppData\Local\Programs\MiKTeX 2.9\tex/generic/pgf/utilities\pgfkeys.code.tex")) ("C:\Users\JWL\AppData\Local\Programs\MiKTeX 2.9\tex/latex/pgf/math\pgfmath.sty" ("C:\Users\JWL\AppData\Local\Programs\MiKTeX 2.9\tex/generic/pgf/math\pgfmath.code.tex")) ("C:\Users\JWL\AppData\Local\Programs\MiKTeX 2.9\tex/generic/pgf/utilities\pgffor.code.tex"
Package: pgffor 2019/08/03 v3.1.4b (3.1.4b)
 ("C:\Users\JWL\AppData\Local\Programs\MiKTeX 2.9\tex/generic/pgf/math\pgfmath.code.tex")
\pgffor@iter=\dimen192
\pgffor@skip=\dimen193
\pgffor@stack=\toks45
\pgffor@toks=\toks46
)) ("C:\Users\JWL\AppData\Local\Programs\MiKTeX 2.9\tex/generic/pgf/frontendlayer/tikz\tikz.code.tex"
Package: tikz 2019/08/03 v3.1.4b (3.1.4b)
 ("C:\Users\JWL\AppData\Local\Programs\MiKTeX 2.9\tex/generic/pgf/libraries\pgflibraryplothandlers.code.tex"
File: pgflibraryplothandlers.code.tex 2019/08/03 v3.1.4b (3.1.4b)
\pgf@plot@mark@count=\count159
\pgfplotmarksize=\dimen194
)
\tikz@lastx=\dimen195
\tikz@lasty=\dimen196
\tikz@lastxsaved=\dimen197
\tikz@lastysaved=\dimen198
\tikz@lastmovetox=\dimen199
\tikz@lastmovetoy=\dimen256
\tikzleveldistance=\dimen257
\tikzsiblingdistance=\dimen258
\tikz@figbox=\box56
\tikz@figbox@bg=\box57
\tikz@tempbox=\box58
\tikz@tempbox@bg=\box59
\tikztreelevel=\count160
\tikznumberofchildren=\count161
\tikznumberofcurrentchild=\count162
\tikz@fig@count=\count163
 ("C:\Users\JWL\AppData\Local\Programs\MiKTeX 2.9\tex/generic/pgf/modules\pgfmodulematrix.code.tex"
File: pgfmodulematrix.code.tex 2019/08/03 v3.1.4b (3.1.4b)
\pgfmatrixcurrentrow=\count164
\pgfmatrixcurrentcolumn=\count165
\pgf@matrix@numberofcolumns=\count166
)
\tikz@expandcount=\count167
 ("C:\Users\JWL\AppData\Local\Programs\MiKTeX 2.9\tex/generic/pgf/frontendlayer/tikz/libraries\tikzlibrarytopaths.code.tex"
File: tikzlibrarytopaths.code.tex 2019/08/03 v3.1.4b (3.1.4b)
))) ("c:/Users\JWL\Documents\Summer School Courses 2020\Revealed Preferences\Github Revealed Preferences\Revealed_Preferences\Präsi\Präsi.aux")
\openout1 = `Präsi.aux'.

LaTeX Font Info:    Checking defaults for OML/cmm/m/it on input line 23.
LaTeX Font Info:    ... okay on input line 23.
LaTeX Font Info:    Checking defaults for T1/cmr/m/n on input line 23.
LaTeX Font Info:    ... okay on input line 23.
LaTeX Font Info:    Checking defaults for OT1/cmr/m/n on input line 23.
LaTeX Font Info:    ... okay on input line 23.
LaTeX Font Info:    Checking defaults for OMS/cmsy/m/n on input line 23.
LaTeX Font Info:    ... okay on input line 23.
LaTeX Font Info:    Checking defaults for OMX/cmex/m/n on input line 23.
LaTeX Font Info:    ... okay on input line 23.
LaTeX Font Info:    Checking defaults for U/cmr/m/n on input line 23.
LaTeX Font Info:    ... okay on input line 23.
LaTeX Font Info:    Checking defaults for PD1/pdf/m/n on input line 23.
LaTeX Font Info:    ... okay on input line 23.

*geometry* driver: auto-detecting
*geometry* detected driver: pdftex
*geometry* verbose mode - [ preamble ] result:
* driver: pdftex
* paper: custom
* layout: <same size as paper>
* layoutoffset:(h,v)=(0.0pt,0.0pt)
* modes: includehead includefoot 
* h-part:(L,W,R)=(28.45274pt, 307.28987pt, 28.45274pt)
* v-part:(T,H,B)=(0.0pt, 273.14662pt, 0.0pt)
* \paperwidth=364.19536pt
* \paperheight=273.14662pt
* \textwidth=307.28987pt
* \textheight=244.6939pt
* \oddsidemargin=-43.81725pt
* \evensidemargin=-43.81725pt
* \topmargin=-72.26999pt
* \headheight=14.22636pt
* \headsep=0.0pt
* \topskip=12.0pt
* \footskip=14.22636pt
* \marginparwidth=4.0pt
* \marginparsep=10.0pt
* \columnsep=10.0pt
* \skip\footins=10.8pt plus 4.0pt minus 2.0pt
* \hoffset=0.0pt
* \voffset=0.0pt
* \mag=1000
* \@twocolumnfalse
* \@twosidefalse
* \@mparswitchfalse
* \@reversemarginfalse
* (1in=72.27pt=25.4mm, 1cm=28.453pt)

("C:\Users\JWL\AppData\Local\Programs\MiKTeX 2.9\tex/context/base/mkii\supp-pdf.mkii"
[Loading MPS to PDF converter (version 2006.09.02).]
\scratchcounter=\count168
\scratchdimen=\dimen259
\scratchbox=\box60
\nofMPsegments=\count169
\nofMParguments=\count170
\everyMPshowfont=\toks47
\MPscratchCnt=\count171
\MPscratchDim=\dimen260
\MPnumerator=\count172
\makeMPintoPDFobject=\count173
\everyMPtoPDFconversion=\toks48
) ("C:\Users\JWL\AppData\Local\Programs\MiKTeX 2.9\tex/latex/oberdiek\epstopdf-base.sty"
Package: epstopdf-base 2016/05/15 v2.6 Base part for package epstopdf
 ("C:\Users\JWL\AppData\Local\Programs\MiKTeX 2.9\tex/latex/oberdiek\grfext.sty"
Package: grfext 2016/05/16 v1.2 Manage graphics extensions (HO)
)
Package epstopdf-base Info: Redefining graphics rule for `.eps' on input line 438.
Package grfext Info: Graphics extension search list:
(grfext)             [.pdf,.png,.jpg,.mps,.jpeg,.jbig2,.jb2,.PDF,.PNG,.JPG,.JPEG,.JBIG2,.JB2,.eps]
(grfext)             \AppendGraphicsExtensions on input line 456.
) ABD: EveryShipout initializing macros
\AtBeginShipoutBox=\box61
Package hyperref Info: Link coloring OFF on input line 23.
 ("C:\Users\JWL\AppData\Local\Programs\MiKTeX 2.9\tex/latex/hyperref\nameref.sty"
Package: nameref 2019/09/16 v2.46 Cross-referencing by name of section
 ("C:\Users\JWL\AppData\Local\Programs\MiKTeX 2.9\tex/latex/oberdiek\refcount.sty"
Package: refcount 2016/05/16 v3.5 Data extraction from label references (HO)
) ("C:\Users\JWL\AppData\Local\Programs\MiKTeX 2.9\tex/generic/oberdiek\gettitlestring.sty"
Package: gettitlestring 2016/05/16 v1.5 Cleanup title references (HO)
)
\c@section@level=\count174
)
LaTeX Info: Redefining \ref on input line 23.
LaTeX Info: Redefining \pageref on input line 23.
LaTeX Info: Redefining \nameref on input line 23.
 ("c:/Users\JWL\Documents\Summer School Courses 2020\Revealed Preferences\Github Revealed Preferences\Revealed_Preferences\Präsi\Präsi.out") ("c:/Users\JWL\Documents\Summer School Courses 2020\Revealed Preferences\Github Revealed Preferences\Revealed_Preferences\Präsi\Präsi.out")
\@outlinefile=\write5
\openout5 = `Präsi.out'.

LaTeX Font Info:    Overwriting symbol font `operators' in version `normal'
(Font)                  OT1/cmr/m/n --> OT1/cmss/m/n on input line 23.
LaTeX Font Info:    Overwriting symbol font `operators' in version `bold'
(Font)                  OT1/cmr/bx/n --> OT1/cmss/bx/n on input line 23.
\symnumbers=\mathgroup6
\sympureletters=\mathgroup7
LaTeX Font Info:    Overwriting math alphabet `\mathrm' in version `normal'
(Font)                  OT1/cmss/m/n --> OT1/cmr/m/n on input line 23.
LaTeX Font Info:    Redeclaring math alphabet \mathbf on input line 23.
LaTeX Font Info:    Overwriting math alphabet `\mathbf' in version `normal'
(Font)                  OT1/cmr/bx/n --> OT1/cmss/bx/n on input line 23.
LaTeX Font Info:    Overwriting math alphabet `\mathbf' in version `bold'
(Font)                  OT1/cmr/bx/n --> OT1/cmss/bx/n on input line 23.
LaTeX Font Info:    Redeclaring math alphabet \mathsf on input line 23.
LaTeX Font Info:    Overwriting math alphabet `\mathsf' in version `normal'
(Font)                  OT1/cmss/m/n --> OT1/cmss/m/n on input line 23.
LaTeX Font Info:    Overwriting math alphabet `\mathsf' in version `bold'
(Font)                  OT1/cmss/bx/n --> OT1/cmss/m/n on input line 23.
LaTeX Font Info:    Redeclaring math alphabet \mathit on input line 23.
LaTeX Font Info:    Overwriting math alphabet `\mathit' in version `normal'
(Font)                  OT1/cmr/m/it --> OT1/cmss/m/it on input line 23.
LaTeX Font Info:    Overwriting math alphabet `\mathit' in version `bold'
(Font)                  OT1/cmr/bx/it --> OT1/cmss/m/it on input line 23.
LaTeX Font Info:    Redeclaring math alphabet \mathtt on input line 23.
LaTeX Font Info:    Overwriting math alphabet `\mathtt' in version `normal'
(Font)                  OT1/cmtt/m/n --> OT1/cmtt/m/n on input line 23.
LaTeX Font Info:    Overwriting math alphabet `\mathtt' in version `bold'
(Font)                  OT1/cmtt/m/n --> OT1/cmtt/m/n on input line 23.
LaTeX Font Info:    Overwriting symbol font `numbers' in version `bold'
(Font)                  OT1/cmss/m/n --> OT1/cmss/bx/n on input line 23.
LaTeX Font Info:    Overwriting symbol font `pureletters' in version `bold'
(Font)                  OT1/cmss/m/it --> OT1/cmss/bx/it on input line 23.
LaTeX Font Info:    Overwriting math alphabet `\mathrm' in version `bold'
(Font)                  OT1/cmss/bx/n --> OT1/cmr/bx/n on input line 23.
LaTeX Font Info:    Overwriting math alphabet `\mathbf' in version `bold'
(Font)                  OT1/cmss/bx/n --> OT1/cmss/bx/n on input line 23.
LaTeX Font Info:    Overwriting math alphabet `\mathsf' in version `bold'
(Font)                  OT1/cmss/m/n --> OT1/cmss/bx/n on input line 23.
LaTeX Font Info:    Overwriting math alphabet `\mathit' in version `bold'
(Font)                  OT1/cmss/m/it --> OT1/cmss/bx/it on input line 23.
LaTeX Font Info:    Overwriting math alphabet `\mathtt' in version `bold'
(Font)                  OT1/cmtt/m/n --> OT1/cmtt/bx/n on input line 23.
LaTeX Font Info:    Redeclaring symbol font `pureletters' on input line 23.
LaTeX Font Info:    Overwriting symbol font `pureletters' in version `normal'
(Font)                  OT1/cmss/m/it --> OT1/mathkerncmss/m/sl on input line 23.
LaTeX Font Info:    Overwriting symbol font `pureletters' in version `bold'
(Font)                  OT1/cmss/bx/it --> OT1/mathkerncmss/m/sl on input line 23.
LaTeX Font Info:    Overwriting symbol font `pureletters' in version `bold'
(Font)                  OT1/mathkerncmss/m/sl --> OT1/mathkerncmss/bx/sl on input line 23.
 ("C:\Users\JWL\AppData\Local\Programs\MiKTeX 2.9\tex/latex/translator\translator-basic-dictionary-English.dict"
Dictionary: translator-basic-dictionary, Language: English 
) ("C:\Users\JWL\AppData\Local\Programs\MiKTeX 2.9\tex/latex/translator\translator-bibliography-dictionary-English.dict"
Dictionary: translator-bibliography-dictionary, Language: English 
) ("C:\Users\JWL\AppData\Local\Programs\MiKTeX 2.9\tex/latex/translator\translator-environment-dictionary-English.dict"
Dictionary: translator-environment-dictionary, Language: English 
) ("C:\Users\JWL\AppData\Local\Programs\MiKTeX 2.9\tex/latex/translator\translator-months-dictionary-English.dict"
Dictionary: translator-months-dictionary, Language: English 
) ("C:\Users\JWL\AppData\Local\Programs\MiKTeX 2.9\tex/latex/translator\translator-numbers-dictionary-English.dict"
Dictionary: translator-numbers-dictionary, Language: English 
) ("C:\Users\JWL\AppData\Local\Programs\MiKTeX 2.9\tex/latex/translator\translator-theorem-dictionary-English.dict"
Dictionary: translator-theorem-dictionary, Language: English 
) ("c:/Users\JWL\Documents\Summer School Courses 2020\Revealed Preferences\Github Revealed Preferences\Revealed_Preferences\Präsi\Präsi.nav") [1

{C:/Users/JWL/AppData/Local/MiKTeX/2.9/pdftex/config/pdftex.map}]
LaTeX Font Info:    Trying to load font information for U+msa on input line 47.
 ("C:\Users\JWL\AppData\Local\Programs\MiKTeX 2.9\tex/latex/amsfonts\umsa.fd"
File: umsa.fd 2013/01/14 v3.01 AMS symbols A
)
LaTeX Font Info:    Trying to load font information for U+msb on input line 47.
 ("C:\Users\JWL\AppData\Local\Programs\MiKTeX 2.9\tex/latex/amsfonts\umsb.fd"
File: umsb.fd 2013/01/14 v3.01 AMS symbols B
)
LaTeX Font Info:    Trying to load font information for OT1+mathkerncmss on input line 47.
 ("C:\Users\JWL\AppData\Local\Programs\MiKTeX 2.9\tex/latex/sansmathaccent\ot1mathkerncmss.fd"
File: ot1mathkerncmss.fd 2013/03/27 Fontinst v1.933 font definitions for OT1/mathkerncmss.
) [2

] [3

] [4

] [5

] [6

]
Underfull \vbox (badness 10000) has occurred while \output is active []

 [7

] [8]
Underfull \vbox (badness 10000) has occurred while \output is active []

 [9

] [10]
<Graphs/Table14-female.png, id=281, 861.2175pt x 520.19344pt>
File: Graphs/Table14-female.png Graphic file (type png)
<use Graphs/Table14-female.png>
Package pdftex.def Info: Graphs/Table14-female.png  used on input line 131.
(pdftex.def)             Requested size: 301.43063pt x 182.07042pt.
 [11

 <c:/Users/JWL/Documents/Summer School Courses 2020/Revealed Preferences/Github Revealed Preferences/Revealed_Preferences/Präsi/Graphs/Table14-female.png>]
File: Graphs/Table14-female.png Graphic file (type png)
<use Graphs/Table14-female.png>
Package pdftex.def Info: Graphs/Table14-female.png  used on input line 131.
(pdftex.def)             Requested size: 301.43063pt x 182.07042pt.
 [12

]
File: Graphs/Table14-female.png Graphic file (type png)
<use Graphs/Table14-female.png>
Package pdftex.def Info: Graphs/Table14-female.png  used on input line 131.
(pdftex.def)             Requested size: 301.43063pt x 182.07042pt.
 [13

]
File: Graphs/Table14-female.png Graphic file (type png)
<use Graphs/Table14-female.png>
Package pdftex.def Info: Graphs/Table14-female.png  used on input line 131.
(pdftex.def)             Requested size: 301.43063pt x 182.07042pt.
 [14

]
<Graphs/Table14-male.png, id=383, 841.64438pt x 514.92375pt>
File: Graphs/Table14-male.png Graphic file (type png)
<use Graphs/Table14-male.png>
Package pdftex.def Info: Graphs/Table14-male.png  used on input line 143.
(pdftex.def)             Requested size: 294.57994pt x 180.226pt.
 [15

 <c:/Users/JWL/Documents/Summer School Courses 2020/Revealed Preferences/Github Revealed Preferences/Revealed_Preferences/Präsi/Graphs/Table14-male.png>]
File: Graphs/Table14-male.png Graphic file (type png)
<use Graphs/Table14-male.png>
Package pdftex.def Info: Graphs/Table14-male.png  used on input line 143.
(pdftex.def)             Requested size: 294.57994pt x 180.226pt.
 [16

]
File: Graphs/Table14-male.png Graphic file (type png)
<use Graphs/Table14-male.png>
Package pdftex.def Info: Graphs/Table14-male.png  used on input line 143.
(pdftex.def)             Requested size: 294.57994pt x 180.226pt.
 [17

]
File: Graphs/Table14-male.png Graphic file (type png)
<use Graphs/Table14-male.png>
Package pdftex.def Info: Graphs/Table14-male.png  used on input line 143.
(pdftex.def)             Requested size: 294.57994pt x 180.226pt.
 [18

]
Underfull \vbox (badness 10000) has occurred while \output is active []

 [19

] [20] [21

] [22

] [23

] [24

] [25

]
<Table2.png, id=661, 516.7305pt x 517.33275pt>
File: Table2.png Graphic file (type png)
<use Table2.png>
Package pdftex.def Info: Table2.png  used on input line 225.
(pdftex.def)             Requested size: 206.68854pt x 206.92943pt.
 [26

 <c:/Users/JWL/Documents/Summer School Courses 2020/Revealed Preferences/Github Revealed Preferences/Revealed_Preferences/Präsi/Table2.png>]
<Graphs/Table 3 Self Earnings.png, id=689, 885.90974pt x 448.67625pt>
File: Graphs/Table 3 Self Earnings.png Graphic file (type png)
<use Graphs/Table 3 Self Earnings.png>
Package pdftex.def Info: Graphs/Table 3 Self Earnings.png  used on input line 230.
(pdftex.def)             Requested size: 310.07306pt x 157.03903pt.

Overfull \hbox (2.78319pt too wide) in paragraph at lines 230--230
[][]  
 []

[27

 <c:/Users/JWL/Documents/Summer School Courses 2020/Revealed Preferences/Github Revealed Preferences/Revealed_Preferences/Präsi/Graphs/Table 3 Self Earnings.png>]
<Graphs/Table 4 Earnings Growth Belief.png, id=716, 569.12625pt x 423.984pt>
File: Graphs/Table 4 Earnings Growth Belief.png Graphic file (type png)
<use Graphs/Table 4 Earnings Growth Belief.png>
Package pdftex.def Info: Graphs/Table 4 Earnings Growth Belief.png  used on input line 235.
(pdftex.def)             Requested size: 199.19717pt x 148.3966pt.
 [28

 <c:/Users/JWL/Documents/Summer School Courses 2020/Revealed Preferences/Github Revealed Preferences/Revealed_Preferences/Präsi/Graphs/Table 4 Earnings Growth Belief.png>]
<Graphs/Table 5 Age 30 Earnings Uncertainty.png, id=743, 597.432pt x 446.8695pt>
File: Graphs/Table 5 Age 30 Earnings Uncertainty.png Graphic file (type png)
<use Graphs/Table 5 Age 30 Earnings Uncertainty.png>
Package pdftex.def Info: Graphs/Table 5 Age 30 Earnings Uncertainty.png  used on input line 240.
(pdftex.def)             Requested size: 209.10432pt x 156.40666pt.
 [29

 <c:/Users/JWL/Documents/Summer School Courses 2020/Revealed Preferences/Github Revealed Preferences/Revealed_Preferences/Präsi/Graphs/Table 5 Age 30 Earnings Uncertainty.png>]
<Graphs/Table 6 Beliefs about Marriage.png, id=770, 718.48425pt x 403.5075pt>
File: Graphs/Table 6 Beliefs about Marriage.png Graphic file (type png)
<use Graphs/Table 6 Beliefs about Marriage.png>
Package pdftex.def Info: Graphs/Table 6 Beliefs about Marriage.png  used on input line 245.
(pdftex.def)             Requested size: 251.47325pt x 141.22974pt.
 [30

 <c:/Users/JWL/Documents/Summer School Courses 2020/Revealed Preferences/Github Revealed Preferences/Revealed_Preferences/Präsi/Graphs/Table 6 Beliefs about Marriage.png>]
<Graphs/Table 7 Beliefs about Potential Spousal Earnings.png, id=796, 710.655pt x 407.121pt>
File: Graphs/Table 7 Beliefs about Potential Spousal Earnings.png Graphic file (type png)
<use Graphs/Table 7 Beliefs about Potential Spousal Earnings.png>
Package pdftex.def Info: Graphs/Table 7 Beliefs about Potential Spousal Earnings.png  used on input line 250.
(pdftex.def)             Requested size: 248.73297pt x 142.49448pt.
 [31

 <c:/Users/JWL/Documents/Summer School Courses 2020/Revealed Preferences/Github Revealed Preferences/Revealed_Preferences/Präsi/Graphs/Table 7 Beliefs about Potential Spousal Earnings.png>]
\tf@nav=\write6
\openout6 = `Präsi.nav'.

\tf@toc=\write7
\openout7 = `Präsi.toc'.

\tf@snm=\write8
\openout8 = `Präsi.snm'.

Package atveryend Info: Empty hook `BeforeClearDocument' on input line 252.
Package atveryend Info: Empty hook `AfterLastShipout' on input line 252.
 ("c:/Users\JWL\Documents\Summer School Courses 2020\Revealed Preferences\Github Revealed Preferences\Revealed_Preferences\Präsi\Präsi.aux")
Package atveryend Info: Executing hook `AtVeryEndDocument' on input line 252.
Package atveryend Info: Executing hook `AtEndAfterFileList' on input line 252.
Package rerunfilecheck Info: File `Präsi.out' has not changed.
(rerunfilecheck)             Checksum: D41D8CD98F00B204E9800998ECF8427E;0.
 ) 
Here is how much of TeX's memory you used:
 21306 strings out of 492450
 422694 string characters out of 3120938
 500454 words of memory out of 3000000
 25083 multiletter control sequences out of 15000+200000
 16494 words of font info for 60 fonts, out of 3000000 for 9000
 1141 hyphenation exceptions out of 8191
 58i,14n,57p,923b,656s stack positions out of 5000i,500n,10000p,200000b,50000s
<C:/Users/JWL/AppData/Local/Programs/MiKTeX 2.9/fonts/type1/public/amsfonts/cm/cmex10.pfb><C:/Users/JWL/AppData/Local/Programs/MiKTeX 2.9/fonts/type1/public/amsfonts/cm/cmmi10.pfb><C:/Users/JWL/AppData/Local/Programs/MiKTeX 2.9/fonts/type1/public/amsfonts/cm/cmmi12.pfb><C:/Users/JWL/AppData/Local/Programs/MiKTeX 2.9/fonts/type1/public/amsfonts/cm/cmmi7.pfb><C:/Users/JWL/AppData/Local/Programs/MiKTeX 2.9/fonts/type1/public/amsfonts/cm/cmmi8.pfb><C:/Users/JWL/AppData/Local/Programs/MiKTeX 2.9/fonts/type1/public/amsfonts/cm/cmss10.pfb><C:/Users/JWL/AppData/Local/Programs/MiKTeX 2.9/fonts/type1/public/amsfonts/cm/cmss12.pfb><C:/Users/JWL/AppData/Local/Programs/MiKTeX 2.9/fonts/type1/public/amsfonts/cm/cmss17.pfb><C:/Users/JWL/AppData/Local/Programs/MiKTeX 2.9/fonts/type1/public/amsfonts/cm/cmss8.pfb><C:/Users/JWL/AppData/Local/Programs/MiKTeX 2.9/fonts/type1/public/amsfonts/cm/cmssi10.pfb><C:/Users/JWL/AppData/Local/Programs/MiKTeX 2.9/fonts/type1/public/amsfonts/cm/cmssi12.pfb><C:/Users/JWL/AppData/Local/Programs/MiKTeX 2.9/fonts/type1/public/amsfonts/cm/cmssi8.pfb><C:/Users/JWL/AppData/Local/Programs/MiKTeX 2.9/fonts/type1/public/amsfonts/cm/cmsy10.pfb><C:/Users/JWL/AppData/Local/Programs/MiKTeX 2.9/fonts/type1/public/amsfonts/cm/cmsy8.pfb>
Output written on "c:/Users\JWL\Documents\Summer School Courses 2020\Revealed Preferences\Github Revealed Preferences\Revealed_Preferences\Präsi\Präsi.pdf" (31 pages, 1799900 bytes).
PDF statistics:
 883 PDF objects out of 1000 (max. 8388607)
 63 named destinations out of 1000 (max. 500000)
 83 words of extra memory for PDF output out of 10000 (max. 10000000)

